

Started GET "/" for ::1 at 2015-10-19 09:42:18 -0700

ActiveRecord::NoDatabaseError (FATAL:  database "gpin_development" does not exist
):
  activerecord (4.2.0) lib/active_record/connection_adapters/postgresql_adapter.rb:661:in `rescue in connect'
  activerecord (4.2.0) lib/active_record/connection_adapters/postgresql_adapter.rb:651:in `connect'
  activerecord (4.2.0) lib/active_record/connection_adapters/postgresql_adapter.rb:242:in `initialize'
  activerecord (4.2.0) lib/active_record/connection_adapters/postgresql_adapter.rb:44:in `new'
  activerecord (4.2.0) lib/active_record/connection_adapters/postgresql_adapter.rb:44:in `postgresql_connection'
  activerecord (4.2.0) lib/active_record/connection_adapters/abstract/connection_pool.rb:436:in `new_connection'
  activerecord (4.2.0) lib/active_record/connection_adapters/abstract/connection_pool.rb:446:in `checkout_new_connection'
  activerecord (4.2.0) lib/active_record/connection_adapters/abstract/connection_pool.rb:422:in `acquire_connection'
  activerecord (4.2.0) lib/active_record/connection_adapters/abstract/connection_pool.rb:349:in `block in checkout'
  /Users/markmarsella/.rvm/rubies/ruby-2.2.1/lib/ruby/2.2.0/monitor.rb:211:in `mon_synchronize'
  activerecord (4.2.0) lib/active_record/connection_adapters/abstract/connection_pool.rb:348:in `checkout'
  activerecord (4.2.0) lib/active_record/connection_adapters/abstract/connection_pool.rb:263:in `block in connection'
  /Users/markmarsella/.rvm/rubies/ruby-2.2.1/lib/ruby/2.2.0/monitor.rb:211:in `mon_synchronize'
  activerecord (4.2.0) lib/active_record/connection_adapters/abstract/connection_pool.rb:262:in `connection'
  activerecord (4.2.0) lib/active_record/connection_adapters/abstract/connection_pool.rb:565:in `retrieve_connection'
  activerecord (4.2.0) lib/active_record/connection_handling.rb:113:in `retrieve_connection'
  activerecord (4.2.0) lib/active_record/connection_handling.rb:87:in `connection'
  activerecord (4.2.0) lib/active_record/migration.rb:384:in `connection'
  activerecord (4.2.0) lib/active_record/migration.rb:371:in `call'
  actionpack (4.2.0) lib/action_dispatch/middleware/callbacks.rb:29:in `block in call'
  activesupport (4.2.0) lib/active_support/callbacks.rb:88:in `call'
  activesupport (4.2.0) lib/active_support/callbacks.rb:88:in `_run_callbacks'
  activesupport (4.2.0) lib/active_support/callbacks.rb:734:in `_run_call_callbacks'
  activesupport (4.2.0) lib/active_support/callbacks.rb:81:in `run_callbacks'
  actionpack (4.2.0) lib/action_dispatch/middleware/callbacks.rb:27:in `call'
  actionpack (4.2.0) lib/action_dispatch/middleware/reloader.rb:73:in `call'
  actionpack (4.2.0) lib/action_dispatch/middleware/remote_ip.rb:78:in `call'
  actionpack (4.2.0) lib/action_dispatch/middleware/debug_exceptions.rb:17:in `call'
  web-console (2.2.1) lib/web_console/middleware.rb:39:in `call'
  actionpack (4.2.0) lib/action_dispatch/middleware/show_exceptions.rb:30:in `call'
  railties (4.2.0) lib/rails/rack/logger.rb:38:in `call_app'
  railties (4.2.0) lib/rails/rack/logger.rb:20:in `block in call'
  activesupport (4.2.0) lib/active_support/tagged_logging.rb:68:in `block in tagged'
  activesupport (4.2.0) lib/active_support/tagged_logging.rb:26:in `tagged'
  activesupport (4.2.0) lib/active_support/tagged_logging.rb:68:in `tagged'
  railties (4.2.0) lib/rails/rack/logger.rb:20:in `call'
  actionpack (4.2.0) lib/action_dispatch/middleware/request_id.rb:21:in `call'
  rack (1.6.4) lib/rack/methodoverride.rb:22:in `call'
  rack (1.6.4) lib/rack/runtime.rb:18:in `call'
  activesupport (4.2.0) lib/active_support/cache/strategy/local_cache_middleware.rb:28:in `call'
  rack (1.6.4) lib/rack/lock.rb:17:in `call'
  actionpack (4.2.0) lib/action_dispatch/middleware/static.rb:113:in `call'
  rack (1.6.4) lib/rack/sendfile.rb:113:in `call'
  railties (4.2.0) lib/rails/engine.rb:518:in `call'
  railties (4.2.0) lib/rails/application.rb:164:in `call'
  rack (1.6.4) lib/rack/lock.rb:17:in `call'
  rack (1.6.4) lib/rack/content_length.rb:15:in `call'
  rack (1.6.4) lib/rack/handler/webrick.rb:88:in `service'
  /Users/markmarsella/.rvm/rubies/ruby-2.2.1/lib/ruby/2.2.0/webrick/httpserver.rb:138:in `service'
  /Users/markmarsella/.rvm/rubies/ruby-2.2.1/lib/ruby/2.2.0/webrick/httpserver.rb:94:in `run'
  /Users/markmarsella/.rvm/rubies/ruby-2.2.1/lib/ruby/2.2.0/webrick/server.rb:294:in `block in start_thread'


  Rendered /Users/markmarsella/.rvm/gems/ruby-2.2.1/gems/actionpack-4.2.0/lib/action_dispatch/middleware/templates/rescues/_source.erb (4.6ms)
  Rendered /Users/markmarsella/.rvm/gems/ruby-2.2.1/gems/actionpack-4.2.0/lib/action_dispatch/middleware/templates/rescues/_trace.html.erb (2.0ms)
  Rendered /Users/markmarsella/.rvm/gems/ruby-2.2.1/gems/actionpack-4.2.0/lib/action_dispatch/middleware/templates/rescues/_request_and_response.html.erb (1.6ms)
  Rendered /Users/markmarsella/.rvm/gems/ruby-2.2.1/gems/actionpack-4.2.0/lib/action_dispatch/middleware/templates/rescues/diagnostics.html.erb within rescues/layout (73.5ms)
  Rendered /Users/markmarsella/.rvm/gems/ruby-2.2.1/gems/web-console-2.2.1/lib/web_console/templates/_markup.html.erb (0.4ms)
  Rendered /Users/markmarsella/.rvm/gems/ruby-2.2.1/gems/web-console-2.2.1/lib/web_console/templates/_inner_console_markup.html.erb within layouts/inlined_string (0.4ms)
  Rendered /Users/markmarsella/.rvm/gems/ruby-2.2.1/gems/web-console-2.2.1/lib/web_console/templates/_prompt_box_markup.html.erb within layouts/inlined_string (0.9ms)
  Rendered /Users/markmarsella/.rvm/gems/ruby-2.2.1/gems/web-console-2.2.1/lib/web_console/templates/style.css.erb within layouts/inlined_string (0.3ms)
  Rendered /Users/markmarsella/.rvm/gems/ruby-2.2.1/gems/web-console-2.2.1/lib/web_console/templates/console.js.erb within layouts/javascript (71.4ms)
  Rendered /Users/markmarsella/.rvm/gems/ruby-2.2.1/gems/web-console-2.2.1/lib/web_console/templates/main.js.erb within layouts/javascript (0.4ms)
  Rendered /Users/markmarsella/.rvm/gems/ruby-2.2.1/gems/web-console-2.2.1/lib/web_console/templates/error_page.js.erb within layouts/javascript (1.0ms)
  Rendered /Users/markmarsella/.rvm/gems/ruby-2.2.1/gems/web-console-2.2.1/lib/web_console/templates/index.html.erb (162.2ms)


Started GET "/" for ::1 at 2015-10-19 09:42:18 -0700

ActiveRecord::NoDatabaseError (FATAL:  database "gpin_development" does not exist
):
  activerecord (4.2.0) lib/active_record/connection_adapters/postgresql_adapter.rb:661:in `rescue in connect'
  activerecord (4.2.0) lib/active_record/connection_adapters/postgresql_adapter.rb:651:in `connect'
  activerecord (4.2.0) lib/active_record/connection_adapters/postgresql_adapter.rb:242:in `initialize'
  activerecord (4.2.0) lib/active_record/connection_adapters/postgresql_adapter.rb:44:in `new'
  activerecord (4.2.0) lib/active_record/connection_adapters/postgresql_adapter.rb:44:in `postgresql_connection'
  activerecord (4.2.0) lib/active_record/connection_adapters/abstract/connection_pool.rb:436:in `new_connection'
  activerecord (4.2.0) lib/active_record/connection_adapters/abstract/connection_pool.rb:446:in `checkout_new_connection'
  activerecord (4.2.0) lib/active_record/connection_adapters/abstract/connection_pool.rb:422:in `acquire_connection'
  activerecord (4.2.0) lib/active_record/connection_adapters/abstract/connection_pool.rb:349:in `block in checkout'
  /Users/markmarsella/.rvm/rubies/ruby-2.2.1/lib/ruby/2.2.0/monitor.rb:211:in `mon_synchronize'
  activerecord (4.2.0) lib/active_record/connection_adapters/abstract/connection_pool.rb:348:in `checkout'
  activerecord (4.2.0) lib/active_record/connection_adapters/abstract/connection_pool.rb:263:in `block in connection'
  /Users/markmarsella/.rvm/rubies/ruby-2.2.1/lib/ruby/2.2.0/monitor.rb:211:in `mon_synchronize'
  activerecord (4.2.0) lib/active_record/connection_adapters/abstract/connection_pool.rb:262:in `connection'
  activerecord (4.2.0) lib/active_record/connection_adapters/abstract/connection_pool.rb:565:in `retrieve_connection'
  activerecord (4.2.0) lib/active_record/connection_handling.rb:113:in `retrieve_connection'
  activerecord (4.2.0) lib/active_record/connection_handling.rb:87:in `connection'
  activerecord (4.2.0) lib/active_record/migration.rb:384:in `connection'
  activerecord (4.2.0) lib/active_record/migration.rb:371:in `call'
  actionpack (4.2.0) lib/action_dispatch/middleware/callbacks.rb:29:in `block in call'
  activesupport (4.2.0) lib/active_support/callbacks.rb:88:in `call'
  activesupport (4.2.0) lib/active_support/callbacks.rb:88:in `_run_callbacks'
  activesupport (4.2.0) lib/active_support/callbacks.rb:734:in `_run_call_callbacks'
  activesupport (4.2.0) lib/active_support/callbacks.rb:81:in `run_callbacks'
  actionpack (4.2.0) lib/action_dispatch/middleware/callbacks.rb:27:in `call'
  actionpack (4.2.0) lib/action_dispatch/middleware/reloader.rb:73:in `call'
  actionpack (4.2.0) lib/action_dispatch/middleware/remote_ip.rb:78:in `call'
  actionpack (4.2.0) lib/action_dispatch/middleware/debug_exceptions.rb:17:in `call'
  web-console (2.2.1) lib/web_console/middleware.rb:39:in `call'
  actionpack (4.2.0) lib/action_dispatch/middleware/show_exceptions.rb:30:in `call'
  railties (4.2.0) lib/rails/rack/logger.rb:38:in `call_app'
  railties (4.2.0) lib/rails/rack/logger.rb:20:in `block in call'
  activesupport (4.2.0) lib/active_support/tagged_logging.rb:68:in `block in tagged'
  activesupport (4.2.0) lib/active_support/tagged_logging.rb:26:in `tagged'
  activesupport (4.2.0) lib/active_support/tagged_logging.rb:68:in `tagged'
  railties (4.2.0) lib/rails/rack/logger.rb:20:in `call'
  actionpack (4.2.0) lib/action_dispatch/middleware/request_id.rb:21:in `call'
  rack (1.6.4) lib/rack/methodoverride.rb:22:in `call'
  rack (1.6.4) lib/rack/runtime.rb:18:in `call'
  activesupport (4.2.0) lib/active_support/cache/strategy/local_cache_middleware.rb:28:in `call'
  rack (1.6.4) lib/rack/lock.rb:17:in `call'
  actionpack (4.2.0) lib/action_dispatch/middleware/static.rb:113:in `call'
  rack (1.6.4) lib/rack/sendfile.rb:113:in `call'
  railties (4.2.0) lib/rails/engine.rb:518:in `call'
  railties (4.2.0) lib/rails/application.rb:164:in `call'
  rack (1.6.4) lib/rack/lock.rb:17:in `call'
  rack (1.6.4) lib/rack/content_length.rb:15:in `call'
  rack (1.6.4) lib/rack/handler/webrick.rb:88:in `service'
  /Users/markmarsella/.rvm/rubies/ruby-2.2.1/lib/ruby/2.2.0/webrick/httpserver.rb:138:in `service'
  /Users/markmarsella/.rvm/rubies/ruby-2.2.1/lib/ruby/2.2.0/webrick/httpserver.rb:94:in `run'
  /Users/markmarsella/.rvm/rubies/ruby-2.2.1/lib/ruby/2.2.0/webrick/server.rb:294:in `block in start_thread'


  Rendered /Users/markmarsella/.rvm/gems/ruby-2.2.1/gems/actionpack-4.2.0/lib/action_dispatch/middleware/templates/rescues/_source.erb (2.7ms)
  Rendered /Users/markmarsella/.rvm/gems/ruby-2.2.1/gems/actionpack-4.2.0/lib/action_dispatch/middleware/templates/rescues/_trace.html.erb (1.6ms)
  Rendered /Users/markmarsella/.rvm/gems/ruby-2.2.1/gems/actionpack-4.2.0/lib/action_dispatch/middleware/templates/rescues/_request_and_response.html.erb (0.8ms)
  Rendered /Users/markmarsella/.rvm/gems/ruby-2.2.1/gems/actionpack-4.2.0/lib/action_dispatch/middleware/templates/rescues/diagnostics.html.erb within rescues/layout (50.0ms)
  Rendered /Users/markmarsella/.rvm/gems/ruby-2.2.1/gems/web-console-2.2.1/lib/web_console/templates/_markup.html.erb (0.3ms)
  Rendered /Users/markmarsella/.rvm/gems/ruby-2.2.1/gems/web-console-2.2.1/lib/web_console/templates/_inner_console_markup.html.erb within layouts/inlined_string (0.3ms)
  Rendered /Users/markmarsella/.rvm/gems/ruby-2.2.1/gems/web-console-2.2.1/lib/web_console/templates/_prompt_box_markup.html.erb within layouts/inlined_string (0.3ms)
  Rendered /Users/markmarsella/.rvm/gems/ruby-2.2.1/gems/web-console-2.2.1/lib/web_console/templates/style.css.erb within layouts/inlined_string (0.3ms)
  Rendered /Users/markmarsella/.rvm/gems/ruby-2.2.1/gems/web-console-2.2.1/lib/web_console/templates/console.js.erb within layouts/javascript (41.4ms)
  Rendered /Users/markmarsella/.rvm/gems/ruby-2.2.1/gems/web-console-2.2.1/lib/web_console/templates/main.js.erb within layouts/javascript (0.4ms)
  Rendered /Users/markmarsella/.rvm/gems/ruby-2.2.1/gems/web-console-2.2.1/lib/web_console/templates/error_page.js.erb within layouts/javascript (0.4ms)
  Rendered /Users/markmarsella/.rvm/gems/ruby-2.2.1/gems/web-console-2.2.1/lib/web_console/templates/index.html.erb (100.7ms)
  [1m[36m (8.9ms)[0m  [1mCREATE TABLE "schema_migrations" ("version" character varying NOT NULL) [0m
  [1m[35m (2.3ms)[0m  CREATE UNIQUE INDEX  "unique_schema_migrations" ON "schema_migrations"  ("version")
  [1m[36mActiveRecord::SchemaMigration Load (0.6ms)[0m  [1mSELECT "schema_migrations".* FROM "schema_migrations"[0m
Migrating to CreatePins (20150713160810)
  [1m[35m (0.2ms)[0m  BEGIN
  [1m[36m (7.7ms)[0m  [1mCREATE TABLE "pins" ("id" serial primary key, "url" text, "comment" text, "image" character varying, "name" character varying, "created_at" timestamp NOT NULL, "updated_at" timestamp NOT NULL) [0m
  [1m[35mSQL (0.8ms)[0m  INSERT INTO "schema_migrations" ("version") VALUES ($1)  [["version", "20150713160810"]]
  [1m[36m (0.6ms)[0m  [1mCOMMIT[0m
  [1m[35mActiveRecord::SchemaMigration Load (0.5ms)[0m  SELECT "schema_migrations".* FROM "schema_migrations"
  [1m[36m (5.6ms)[0m  [1mSELECT t2.oid::regclass::text AS to_table, a1.attname AS column, a2.attname AS primary_key, c.conname AS name, c.confupdtype AS on_update, c.confdeltype AS on_delete
FROM pg_constraint c
JOIN pg_class t1 ON c.conrelid = t1.oid
JOIN pg_class t2 ON c.confrelid = t2.oid
JOIN pg_attribute a1 ON a1.attnum = c.conkey[1] AND a1.attrelid = t1.oid
JOIN pg_attribute a2 ON a2.attnum = c.confkey[1] AND a2.attrelid = t2.oid
JOIN pg_namespace t3 ON c.connamespace = t3.oid
WHERE c.contype = 'f'
  AND t1.relname = 'pins'
  AND t3.nspname = ANY (current_schemas(false))
ORDER BY c.conname
[0m


Started GET "/" for ::1 at 2015-10-19 09:47:58 -0700
  [1m[36mActiveRecord::SchemaMigration Load (0.4ms)[0m  [1mSELECT "schema_migrations".* FROM "schema_migrations"[0m
Processing by PinsController#index as HTML
  [1m[35mPin Load (1.1ms)[0m  SELECT "pins".* FROM "pins"  ORDER BY "pins"."id" ASC
  Rendered pins/index.html.erb within layouts/application (5.4ms)
Completed 200 OK in 4255ms (Views: 4240.3ms | ActiveRecord: 2.2ms)


Started GET "/" for ::1 at 2015-10-19 09:48:02 -0700
Processing by PinsController#index as HTML
  [1m[36mPin Load (0.4ms)[0m  [1mSELECT "pins".* FROM "pins"  ORDER BY "pins"."id" ASC[0m
  Rendered pins/index.html.erb within layouts/application (1.5ms)
Completed 200 OK in 53ms (Views: 51.5ms | ActiveRecord: 0.4ms)


Started GET "/" for ::1 at 2015-10-19 09:48:02 -0700
Processing by PinsController#index as HTML
  [1m[35mPin Load (0.4ms)[0m  SELECT "pins".* FROM "pins"  ORDER BY "pins"."id" ASC
  Rendered pins/index.html.erb within layouts/application (1.1ms)
Completed 200 OK in 69ms (Views: 68.7ms | ActiveRecord: 0.4ms)


Started GET "/assets/pins.self-e3b0c44298fc1c149afbf4c8996fb92427ae41e4649b934ca495991b7852b855.css?body=1" for ::1 at 2015-10-19 09:48:02 -0700


Started GET "/assets/application.self-2b21cb2d822a278b262d038881691e19a663e99ba268259d23acb7931a1525a6.css?body=1" for ::1 at 2015-10-19 09:48:02 -0700


Started GET "/assets/jquery.self-d03a5518f45df77341bdbe6201ba3bfa547ebba8ed64f0ea56bfa5f96ea7c074.js?body=1" for ::1 at 2015-10-19 09:48:02 -0700


Started GET "/assets/jquery_ujs.self-ca5248a2fad13d6bd58ea121318d642f195f0b2dd818b30615f785ff365e8d1f.js?body=1" for ::1 at 2015-10-19 09:48:02 -0700


Started GET "/assets/pins.self-ca2331c59cf9cc8c872efc8408396ddfab5aa4f7edb847f6691c777857307bbb.js?body=1" for ::1 at 2015-10-19 09:48:02 -0700


Started GET "/assets/turbolinks.self-c37727e9bd6b2735da5c311aa83fead54ed0be6cc8bd9a65309e9c5abe2cbfff.js?body=1" for ::1 at 2015-10-19 09:48:02 -0700


Started GET "/assets/application.self-3a3c8b61bda630ee689740ce7cbd0dd8ea6fdd45e2c42eef4661ab38cf268afe.js?body=1" for ::1 at 2015-10-19 09:48:02 -0700


Started GET "/pins/new" for ::1 at 2015-10-19 09:48:50 -0700
Processing by PinsController#new as HTML
  Rendered pins/_form.html.erb (19.8ms)
  Rendered pins/new.html.erb within layouts/application (24.2ms)
Completed 200 OK in 83ms (Views: 75.1ms | ActiveRecord: 2.6ms)


Started POST "/pins" for ::1 at 2015-10-19 09:48:57 -0700
Processing by PinsController#create as HTML
  Parameters: {"utf8"=>"✓", "authenticity_token"=>"KV8mo7dgmyTIo5mhtSqqVb10yBtnbpMvR86QD9xjsCxG7PjMji/bncJVGhdi+OxgVUErJy2JI3q7VtA/fFWI0A==", "pin"=>{"name"=>"this", "url"=>"www.google.com", "comment"=>"", "image"=>""}, "commit"=>"Create Pin"}
  [1m[36m (0.1ms)[0m  [1mBEGIN[0m
  [1m[35m (0.2ms)[0m  ROLLBACK
  Rendered pins/_form.html.erb (4.1ms)
  Rendered pins/new.html.erb within layouts/application (5.8ms)
Completed 200 OK in 58ms (Views: 53.6ms | ActiveRecord: 0.3ms)


Started POST "/pins" for ::1 at 2015-10-19 09:49:36 -0700
Processing by PinsController#create as HTML
  Parameters: {"utf8"=>"✓", "authenticity_token"=>"Q/vwnSCkJ4UhLQrERAp1wBBlRc0yLnztLYVOoZBdT1ssSC7yGetnPCvbiXKT2DP1+FCm8XjJzLjRHQ6RMGt3pw==", "pin"=>{"name"=>"this", "url"=>"www.google.com", "comment"=>"whoooooa", "image"=>"http://i.ytimg.com/vi/1J8Feyr38Ss/hqdefault.jpg"}, "commit"=>"Create Pin"}
  [1m[36m (0.3ms)[0m  [1mBEGIN[0m
  [1m[35mSQL (0.6ms)[0m  INSERT INTO "pins" ("name", "url", "image", "comment", "created_at", "updated_at") VALUES ($1, $2, $3, $4, $5, $6) RETURNING "id"  [["name", "this"], ["url", "www.google.com"], ["image", "http://i.ytimg.com/vi/1J8Feyr38Ss/hqdefault.jpg"], ["comment", "whoooooa"], ["created_at", "2015-10-19 16:49:36.265180"], ["updated_at", "2015-10-19 16:49:36.265180"]]
  [1m[36m (0.4ms)[0m  [1mCOMMIT[0m
Redirected to http://localhost:3000/pins
Completed 302 Found in 10ms (ActiveRecord: 1.4ms)


Started GET "/pins" for ::1 at 2015-10-19 09:49:36 -0700
Processing by PinsController#index as HTML
  [1m[35mPin Load (0.4ms)[0m  SELECT "pins".* FROM "pins"  ORDER BY "pins"."id" ASC
  Rendered pins/index.html.erb within layouts/application (1.6ms)
Completed 200 OK in 50ms (Views: 48.9ms | ActiveRecord: 0.4ms)


Started GET "/pins/new" for ::1 at 2015-10-19 09:49:49 -0700
Processing by PinsController#new as HTML
  Rendered pins/_form.html.erb (2.3ms)
  Rendered pins/new.html.erb within layouts/application (3.8ms)
Completed 200 OK in 44ms (Views: 43.9ms | ActiveRecord: 0.0ms)


Started GET "/" for ::1 at 2015-10-19 09:50:23 -0700
Processing by PinsController#index as HTML
  [1m[36mPin Load (0.3ms)[0m  [1mSELECT "pins".* FROM "pins"  ORDER BY "pins"."id" ASC[0m
  Rendered pins/index.html.erb within layouts/application (1.4ms)
Completed 200 OK in 56ms (Views: 53.9ms | ActiveRecord: 0.3ms)


Started GET "/" for ::1 at 2015-10-19 09:58:21 -0700
  [1m[36mActiveRecord::SchemaMigration Load (0.5ms)[0m  [1mSELECT "schema_migrations".* FROM "schema_migrations"[0m
Processing by PinsController#index as HTML
  [1m[35mPin Load (1.0ms)[0m  SELECT "pins".* FROM "pins"  ORDER BY "pins"."id" ASC
  Rendered pins/index.html.erb within layouts/application (13.8ms)
Completed 500 Internal Server Error in 1091ms

ActionView::Template::Error (File to import not found or unreadable: name_of_scss file.
Load paths:
  /Users/markmarsella/Desktop/gSchool/gPin_rails/app/assets/images
  /Users/markmarsella/Desktop/gSchool/gPin_rails/app/assets/javascripts
  /Users/markmarsella/Desktop/gSchool/gPin_rails/app/assets/stylesheets
  /Users/markmarsella/Desktop/gSchool/gPin_rails/vendor/assets/javascripts
  /Users/markmarsella/Desktop/gSchool/gPin_rails/vendor/assets/stylesheets
  /Users/markmarsella/.rvm/gems/ruby-2.2.1/gems/turbolinks-2.5.3/lib/assets/javascripts
  /Users/markmarsella/.rvm/gems/ruby-2.2.1/gems/jquery-rails-4.0.4/vendor/assets/javascripts
  /Users/markmarsella/.rvm/gems/ruby-2.2.1/gems/bootswatch-rails-3.3.5/vendor/assets/stylesheets
  /Users/markmarsella/.rvm/gems/ruby-2.2.1/gems/coffee-rails-4.1.0/lib/assets/javascripts
  /Users/markmarsella/.rvm/gems/ruby-2.2.1/gems/bootstrap-sass-3.3.5.1/assets/stylesheets
  /Users/markmarsella/.rvm/gems/ruby-2.2.1/gems/bootstrap-sass-3.3.5.1/assets/javascripts
  /Users/markmarsella/.rvm/gems/ruby-2.2.1/gems/bootstrap-sass-3.3.5.1/assets/fonts
  /Users/markmarsella/.rvm/gems/ruby-2.2.1/gems/bootstrap-sass-3.3.5.1/assets/images
  /Users/markmarsella/.rvm/gems/ruby-2.2.1/gems/bootstrap-sass-3.3.5.1/assets/stylesheets):
    2: <html>
    3: <head>
    4:   <title>Gpin</title>
    5:   <%= stylesheet_link_tag    'application', media: 'all', 'data-turbolinks-track' => true %>
    6:   <%= javascript_include_tag 'application', 'data-turbolinks-track' => true %>
    7:   <%= csrf_meta_tags %>
    8: </head>
  app/assets/stylesheets/application.css.scss:30
  app/views/layouts/application.html.erb:5:in `_app_views_layouts_application_html_erb___706719919226120179_70159732790620'


  Rendered /Users/markmarsella/.rvm/gems/ruby-2.2.1/gems/actionpack-4.2.0/lib/action_dispatch/middleware/templates/rescues/_source.erb (7.5ms)
  Rendered /Users/markmarsella/.rvm/gems/ruby-2.2.1/gems/actionpack-4.2.0/lib/action_dispatch/middleware/templates/rescues/_trace.html.erb (3.3ms)
  Rendered /Users/markmarsella/.rvm/gems/ruby-2.2.1/gems/actionpack-4.2.0/lib/action_dispatch/middleware/templates/rescues/_request_and_response.html.erb (1.3ms)
  Rendered /Users/markmarsella/.rvm/gems/ruby-2.2.1/gems/actionpack-4.2.0/lib/action_dispatch/middleware/templates/rescues/template_error.html.erb within rescues/layout (58.9ms)
  Rendered /Users/markmarsella/.rvm/gems/ruby-2.2.1/gems/web-console-2.2.1/lib/web_console/templates/_markup.html.erb (0.4ms)
  Rendered /Users/markmarsella/.rvm/gems/ruby-2.2.1/gems/web-console-2.2.1/lib/web_console/templates/_inner_console_markup.html.erb within layouts/inlined_string (0.3ms)
  Rendered /Users/markmarsella/.rvm/gems/ruby-2.2.1/gems/web-console-2.2.1/lib/web_console/templates/_prompt_box_markup.html.erb within layouts/inlined_string (0.3ms)
  Rendered /Users/markmarsella/.rvm/gems/ruby-2.2.1/gems/web-console-2.2.1/lib/web_console/templates/style.css.erb within layouts/inlined_string (0.5ms)
  Rendered /Users/markmarsella/.rvm/gems/ruby-2.2.1/gems/web-console-2.2.1/lib/web_console/templates/console.js.erb within layouts/javascript (45.3ms)
  Rendered /Users/markmarsella/.rvm/gems/ruby-2.2.1/gems/web-console-2.2.1/lib/web_console/templates/main.js.erb within layouts/javascript (0.3ms)
  Rendered /Users/markmarsella/.rvm/gems/ruby-2.2.1/gems/web-console-2.2.1/lib/web_console/templates/error_page.js.erb within layouts/javascript (0.4ms)
  Rendered /Users/markmarsella/.rvm/gems/ruby-2.2.1/gems/web-console-2.2.1/lib/web_console/templates/index.html.erb (104.6ms)


Started GET "/" for ::1 at 2015-10-19 09:58:25 -0700
Processing by PinsController#index as HTML
  [1m[36mPin Load (0.5ms)[0m  [1mSELECT "pins".* FROM "pins"  ORDER BY "pins"."id" ASC[0m
  Rendered pins/index.html.erb within layouts/application (2.0ms)
Completed 500 Internal Server Error in 759ms

ActionView::Template::Error (File to import not found or unreadable: name_of_scss file.
Load paths:
  /Users/markmarsella/Desktop/gSchool/gPin_rails/app/assets/images
  /Users/markmarsella/Desktop/gSchool/gPin_rails/app/assets/javascripts
  /Users/markmarsella/Desktop/gSchool/gPin_rails/app/assets/stylesheets
  /Users/markmarsella/Desktop/gSchool/gPin_rails/vendor/assets/javascripts
  /Users/markmarsella/Desktop/gSchool/gPin_rails/vendor/assets/stylesheets
  /Users/markmarsella/.rvm/gems/ruby-2.2.1/gems/turbolinks-2.5.3/lib/assets/javascripts
  /Users/markmarsella/.rvm/gems/ruby-2.2.1/gems/jquery-rails-4.0.4/vendor/assets/javascripts
  /Users/markmarsella/.rvm/gems/ruby-2.2.1/gems/bootswatch-rails-3.3.5/vendor/assets/stylesheets
  /Users/markmarsella/.rvm/gems/ruby-2.2.1/gems/coffee-rails-4.1.0/lib/assets/javascripts
  /Users/markmarsella/.rvm/gems/ruby-2.2.1/gems/bootstrap-sass-3.3.5.1/assets/stylesheets
  /Users/markmarsella/.rvm/gems/ruby-2.2.1/gems/bootstrap-sass-3.3.5.1/assets/javascripts
  /Users/markmarsella/.rvm/gems/ruby-2.2.1/gems/bootstrap-sass-3.3.5.1/assets/fonts
  /Users/markmarsella/.rvm/gems/ruby-2.2.1/gems/bootstrap-sass-3.3.5.1/assets/images
  /Users/markmarsella/.rvm/gems/ruby-2.2.1/gems/bootstrap-sass-3.3.5.1/assets/stylesheets):
    2: <html>
    3: <head>
    4:   <title>Gpin</title>
    5:   <%= stylesheet_link_tag    'application', media: 'all', 'data-turbolinks-track' => true %>
    6:   <%= javascript_include_tag 'application', 'data-turbolinks-track' => true %>
    7:   <%= csrf_meta_tags %>
    8: </head>
  app/assets/stylesheets/application.css.scss:30
  app/views/layouts/application.html.erb:5:in `_app_views_layouts_application_html_erb___706719919226120179_70159732790620'


  Rendered /Users/markmarsella/.rvm/gems/ruby-2.2.1/gems/actionpack-4.2.0/lib/action_dispatch/middleware/templates/rescues/_source.erb (7.5ms)
  Rendered /Users/markmarsella/.rvm/gems/ruby-2.2.1/gems/actionpack-4.2.0/lib/action_dispatch/middleware/templates/rescues/_trace.html.erb (2.9ms)
  Rendered /Users/markmarsella/.rvm/gems/ruby-2.2.1/gems/actionpack-4.2.0/lib/action_dispatch/middleware/templates/rescues/_request_and_response.html.erb (0.8ms)
  Rendered /Users/markmarsella/.rvm/gems/ruby-2.2.1/gems/actionpack-4.2.0/lib/action_dispatch/middleware/templates/rescues/template_error.html.erb within rescues/layout (52.8ms)
  Rendered /Users/markmarsella/.rvm/gems/ruby-2.2.1/gems/web-console-2.2.1/lib/web_console/templates/_markup.html.erb (0.3ms)
  Rendered /Users/markmarsella/.rvm/gems/ruby-2.2.1/gems/web-console-2.2.1/lib/web_console/templates/_inner_console_markup.html.erb within layouts/inlined_string (0.3ms)
  Rendered /Users/markmarsella/.rvm/gems/ruby-2.2.1/gems/web-console-2.2.1/lib/web_console/templates/_prompt_box_markup.html.erb within layouts/inlined_string (0.6ms)
  Rendered /Users/markmarsella/.rvm/gems/ruby-2.2.1/gems/web-console-2.2.1/lib/web_console/templates/style.css.erb within layouts/inlined_string (0.3ms)
  Rendered /Users/markmarsella/.rvm/gems/ruby-2.2.1/gems/web-console-2.2.1/lib/web_console/templates/console.js.erb within layouts/javascript (49.4ms)
  Rendered /Users/markmarsella/.rvm/gems/ruby-2.2.1/gems/web-console-2.2.1/lib/web_console/templates/main.js.erb within layouts/javascript (0.4ms)
  Rendered /Users/markmarsella/.rvm/gems/ruby-2.2.1/gems/web-console-2.2.1/lib/web_console/templates/error_page.js.erb within layouts/javascript (0.4ms)
  Rendered /Users/markmarsella/.rvm/gems/ruby-2.2.1/gems/web-console-2.2.1/lib/web_console/templates/index.html.erb (106.6ms)


Started GET "/" for ::1 at 2015-10-19 09:58:56 -0700
Processing by PinsController#index as HTML
  [1m[35mPin Load (0.3ms)[0m  SELECT "pins".* FROM "pins"  ORDER BY "pins"."id" ASC
  Rendered pins/index.html.erb within layouts/application (1.3ms)
Completed 200 OK in 1683ms (Views: 1680.7ms | ActiveRecord: 0.3ms)


Started GET "/assets/application.self-a438fc84698bf07e1a1568086577c9d9c7d0b63b6f6e60cbd02c21dde9253f1c.css?body=1" for ::1 at 2015-10-19 09:58:58 -0700


Started GET "/assets/jquery.self-d03a5518f45df77341bdbe6201ba3bfa547ebba8ed64f0ea56bfa5f96ea7c074.js?body=1" for ::1 at 2015-10-19 09:58:58 -0700


Started GET "/assets/turbolinks.self-c37727e9bd6b2735da5c311aa83fead54ed0be6cc8bd9a65309e9c5abe2cbfff.js?body=1" for ::1 at 2015-10-19 09:58:58 -0700


Started GET "/assets/jquery_ujs.self-ca5248a2fad13d6bd58ea121318d642f195f0b2dd818b30615f785ff365e8d1f.js?body=1" for ::1 at 2015-10-19 09:58:58 -0700


Started GET "/assets/pins.self-e3b0c44298fc1c149afbf4c8996fb92427ae41e4649b934ca495991b7852b855.css?body=1" for ::1 at 2015-10-19 09:58:58 -0700


Started GET "/assets/pins.self-ca2331c59cf9cc8c872efc8408396ddfab5aa4f7edb847f6691c777857307bbb.js?body=1" for ::1 at 2015-10-19 09:58:58 -0700


Started GET "/assets/application.self-3a3c8b61bda630ee689740ce7cbd0dd8ea6fdd45e2c42eef4661ab38cf268afe.js?body=1" for ::1 at 2015-10-19 09:58:58 -0700


Started GET "/" for ::1 at 2015-10-19 09:59:06 -0700
Processing by PinsController#index as HTML
  [1m[36mPin Load (0.3ms)[0m  [1mSELECT "pins".* FROM "pins"  ORDER BY "pins"."id" ASC[0m
  Rendered pins/index.html.erb within layouts/application (1.5ms)
Completed 200 OK in 1541ms (Views: 1539.7ms | ActiveRecord: 0.3ms)


Started GET "/assets/application.self-e8dd5ba3ac2ead59b906c54d728fcfef023fa931a1da4c40d24580f1f2871a86.css?body=1" for ::1 at 2015-10-19 09:59:08 -0700


Started GET "/assets/turbolinks.self-c37727e9bd6b2735da5c311aa83fead54ed0be6cc8bd9a65309e9c5abe2cbfff.js?body=1" for ::1 at 2015-10-19 09:59:08 -0700


Started GET "/assets/pins.self-ca2331c59cf9cc8c872efc8408396ddfab5aa4f7edb847f6691c777857307bbb.js?body=1" for ::1 at 2015-10-19 09:59:08 -0700


Started GET "/assets/pins.self-e3b0c44298fc1c149afbf4c8996fb92427ae41e4649b934ca495991b7852b855.css?body=1" for ::1 at 2015-10-19 09:59:08 -0700


Started GET "/assets/jquery.self-d03a5518f45df77341bdbe6201ba3bfa547ebba8ed64f0ea56bfa5f96ea7c074.js?body=1" for ::1 at 2015-10-19 09:59:08 -0700


Started GET "/assets/jquery_ujs.self-ca5248a2fad13d6bd58ea121318d642f195f0b2dd818b30615f785ff365e8d1f.js?body=1" for ::1 at 2015-10-19 09:59:08 -0700


Started GET "/assets/application.self-3a3c8b61bda630ee689740ce7cbd0dd8ea6fdd45e2c42eef4661ab38cf268afe.js?body=1" for ::1 at 2015-10-19 09:59:08 -0700


Started GET "/" for ::1 at 2015-10-19 09:59:33 -0700
Processing by PinsController#index as HTML
  [1m[35mPin Load (0.4ms)[0m  SELECT "pins".* FROM "pins"  ORDER BY "pins"."id" ASC
  Rendered pins/index.html.erb within layouts/application (1.4ms)
Completed 200 OK in 1592ms (Views: 1587.0ms | ActiveRecord: 0.4ms)


Started GET "/assets/jquery.self-d03a5518f45df77341bdbe6201ba3bfa547ebba8ed64f0ea56bfa5f96ea7c074.js?body=1" for ::1 at 2015-10-19 09:59:35 -0700


Started GET "/assets/jquery_ujs.self-ca5248a2fad13d6bd58ea121318d642f195f0b2dd818b30615f785ff365e8d1f.js?body=1" for ::1 at 2015-10-19 09:59:35 -0700


Started GET "/assets/application.self-946a724ec7de479492c8e90b6f8bb852390667296ba2d03e656feb02b9e123f4.css?body=1" for ::1 at 2015-10-19 09:59:35 -0700


Started GET "/assets/pins.self-ca2331c59cf9cc8c872efc8408396ddfab5aa4f7edb847f6691c777857307bbb.js?body=1" for ::1 at 2015-10-19 09:59:35 -0700


Started GET "/assets/pins.self-e3b0c44298fc1c149afbf4c8996fb92427ae41e4649b934ca495991b7852b855.css?body=1" for ::1 at 2015-10-19 09:59:35 -0700


Started GET "/assets/turbolinks.self-c37727e9bd6b2735da5c311aa83fead54ed0be6cc8bd9a65309e9c5abe2cbfff.js?body=1" for ::1 at 2015-10-19 09:59:35 -0700


Started GET "/assets/application.self-3a3c8b61bda630ee689740ce7cbd0dd8ea6fdd45e2c42eef4661ab38cf268afe.js?body=1" for ::1 at 2015-10-19 09:59:35 -0700


Started GET "/pins/new" for ::1 at 2015-10-19 09:59:42 -0700
Processing by PinsController#new as HTML
  Rendered pins/_form.html.erb (15.1ms)
  Rendered pins/new.html.erb within layouts/application (16.7ms)
Completed 200 OK in 48ms (Views: 47.5ms | ActiveRecord: 0.0ms)


Started GET "/" for ::1 at 2015-10-19 10:00:00 -0700
Processing by PinsController#index as HTML
  [1m[36mPin Load (0.4ms)[0m  [1mSELECT "pins".* FROM "pins"  ORDER BY "pins"."id" ASC[0m
  Rendered pins/index.html.erb within layouts/application (1.6ms)
Completed 200 OK in 1646ms (Views: 1644.5ms | ActiveRecord: 0.4ms)


Started GET "/assets/application.self-9a3cffc7539798af611d94e579fe863fc67b2b577f2a281dc3d4010f2f41ad9d.css?body=1" for ::1 at 2015-10-19 10:00:01 -0700


Started GET "/assets/jquery.self-d03a5518f45df77341bdbe6201ba3bfa547ebba8ed64f0ea56bfa5f96ea7c074.js?body=1" for ::1 at 2015-10-19 10:00:01 -0700


Started GET "/assets/pins.self-ca2331c59cf9cc8c872efc8408396ddfab5aa4f7edb847f6691c777857307bbb.js?body=1" for ::1 at 2015-10-19 10:00:02 -0700


Started GET "/assets/turbolinks.self-c37727e9bd6b2735da5c311aa83fead54ed0be6cc8bd9a65309e9c5abe2cbfff.js?body=1" for ::1 at 2015-10-19 10:00:02 -0700


Started GET "/assets/jquery_ujs.self-ca5248a2fad13d6bd58ea121318d642f195f0b2dd818b30615f785ff365e8d1f.js?body=1" for ::1 at 2015-10-19 10:00:02 -0700


Started GET "/assets/pins.self-e3b0c44298fc1c149afbf4c8996fb92427ae41e4649b934ca495991b7852b855.css?body=1" for ::1 at 2015-10-19 10:00:02 -0700


Started GET "/assets/application.self-3a3c8b61bda630ee689740ce7cbd0dd8ea6fdd45e2c42eef4661ab38cf268afe.js?body=1" for ::1 at 2015-10-19 10:00:02 -0700


Started GET "/" for ::1 at 2015-10-19 10:00:05 -0700
Processing by PinsController#index as HTML
  [1m[35mPin Load (0.4ms)[0m  SELECT "pins".* FROM "pins"  ORDER BY "pins"."id" ASC
  Rendered pins/index.html.erb within layouts/application (1.4ms)
Completed 200 OK in 35ms (Views: 34.4ms | ActiveRecord: 0.3ms)


Started GET "/assets/application.self-9a3cffc7539798af611d94e579fe863fc67b2b577f2a281dc3d4010f2f41ad9d.css?body=1" for ::1 at 2015-10-19 10:00:06 -0700


Started GET "/assets/pins.self-e3b0c44298fc1c149afbf4c8996fb92427ae41e4649b934ca495991b7852b855.css?body=1" for ::1 at 2015-10-19 10:00:06 -0700


Started GET "/assets/jquery.self-d03a5518f45df77341bdbe6201ba3bfa547ebba8ed64f0ea56bfa5f96ea7c074.js?body=1" for ::1 at 2015-10-19 10:00:06 -0700


Started GET "/assets/pins.self-ca2331c59cf9cc8c872efc8408396ddfab5aa4f7edb847f6691c777857307bbb.js?body=1" for ::1 at 2015-10-19 10:00:06 -0700


Started GET "/assets/turbolinks.self-c37727e9bd6b2735da5c311aa83fead54ed0be6cc8bd9a65309e9c5abe2cbfff.js?body=1" for ::1 at 2015-10-19 10:00:06 -0700


Started GET "/assets/jquery_ujs.self-ca5248a2fad13d6bd58ea121318d642f195f0b2dd818b30615f785ff365e8d1f.js?body=1" for ::1 at 2015-10-19 10:00:06 -0700


Started GET "/assets/application.self-3a3c8b61bda630ee689740ce7cbd0dd8ea6fdd45e2c42eef4661ab38cf268afe.js?body=1" for ::1 at 2015-10-19 10:00:06 -0700


Started GET "/" for ::1 at 2015-10-19 10:00:08 -0700
Processing by PinsController#index as HTML
  [1m[36mPin Load (0.4ms)[0m  [1mSELECT "pins".* FROM "pins"  ORDER BY "pins"."id" ASC[0m
  Rendered pins/index.html.erb within layouts/application (1.3ms)
Completed 200 OK in 32ms (Views: 31.3ms | ActiveRecord: 0.4ms)


Started GET "/assets/application.self-9a3cffc7539798af611d94e579fe863fc67b2b577f2a281dc3d4010f2f41ad9d.css?body=1" for ::1 at 2015-10-19 10:00:08 -0700


Started GET "/assets/jquery_ujs.self-ca5248a2fad13d6bd58ea121318d642f195f0b2dd818b30615f785ff365e8d1f.js?body=1" for ::1 at 2015-10-19 10:00:08 -0700


Started GET "/assets/pins.self-ca2331c59cf9cc8c872efc8408396ddfab5aa4f7edb847f6691c777857307bbb.js?body=1" for ::1 at 2015-10-19 10:00:08 -0700


Started GET "/assets/turbolinks.self-c37727e9bd6b2735da5c311aa83fead54ed0be6cc8bd9a65309e9c5abe2cbfff.js?body=1" for ::1 at 2015-10-19 10:00:08 -0700


Started GET "/assets/jquery.self-d03a5518f45df77341bdbe6201ba3bfa547ebba8ed64f0ea56bfa5f96ea7c074.js?body=1" for ::1 at 2015-10-19 10:00:08 -0700


Started GET "/assets/pins.self-e3b0c44298fc1c149afbf4c8996fb92427ae41e4649b934ca495991b7852b855.css?body=1" for ::1 at 2015-10-19 10:00:08 -0700


Started GET "/assets/application.self-3a3c8b61bda630ee689740ce7cbd0dd8ea6fdd45e2c42eef4661ab38cf268afe.js?body=1" for ::1 at 2015-10-19 10:00:08 -0700


Started GET "/" for ::1 at 2015-10-19 10:00:12 -0700
Processing by PinsController#index as HTML
  [1m[35mPin Load (0.4ms)[0m  SELECT "pins".* FROM "pins"  ORDER BY "pins"."id" ASC
  Rendered pins/index.html.erb within layouts/application (1.3ms)
Completed 200 OK in 36ms (Views: 34.9ms | ActiveRecord: 0.4ms)


Started GET "/assets/application.self-9a3cffc7539798af611d94e579fe863fc67b2b577f2a281dc3d4010f2f41ad9d.css?body=1" for ::1 at 2015-10-19 10:00:12 -0700


Started GET "/assets/jquery_ujs.self-ca5248a2fad13d6bd58ea121318d642f195f0b2dd818b30615f785ff365e8d1f.js?body=1" for ::1 at 2015-10-19 10:00:12 -0700


Started GET "/assets/pins.self-e3b0c44298fc1c149afbf4c8996fb92427ae41e4649b934ca495991b7852b855.css?body=1" for ::1 at 2015-10-19 10:00:12 -0700


Started GET "/assets/pins.self-ca2331c59cf9cc8c872efc8408396ddfab5aa4f7edb847f6691c777857307bbb.js?body=1" for ::1 at 2015-10-19 10:00:12 -0700


Started GET "/assets/jquery.self-d03a5518f45df77341bdbe6201ba3bfa547ebba8ed64f0ea56bfa5f96ea7c074.js?body=1" for ::1 at 2015-10-19 10:00:12 -0700


Started GET "/assets/turbolinks.self-c37727e9bd6b2735da5c311aa83fead54ed0be6cc8bd9a65309e9c5abe2cbfff.js?body=1" for ::1 at 2015-10-19 10:00:12 -0700


Started GET "/assets/application.self-3a3c8b61bda630ee689740ce7cbd0dd8ea6fdd45e2c42eef4661ab38cf268afe.js?body=1" for ::1 at 2015-10-19 10:00:12 -0700


Started GET "/" for ::1 at 2015-10-19 10:00:23 -0700
Processing by PinsController#index as HTML
  [1m[36mPin Load (0.3ms)[0m  [1mSELECT "pins".* FROM "pins"  ORDER BY "pins"."id" ASC[0m
  Rendered pins/index.html.erb within layouts/application (1.2ms)
Completed 200 OK in 1692ms (Views: 1690.9ms | ActiveRecord: 0.3ms)


Started GET "/assets/pins.self-e3b0c44298fc1c149afbf4c8996fb92427ae41e4649b934ca495991b7852b855.css?body=1" for ::1 at 2015-10-19 10:00:25 -0700


Started GET "/assets/application.self-9a3cffc7539798af611d94e579fe863fc67b2b577f2a281dc3d4010f2f41ad9d.css?body=1" for ::1 at 2015-10-19 10:00:25 -0700


Started GET "/assets/jquery_ujs.self-ca5248a2fad13d6bd58ea121318d642f195f0b2dd818b30615f785ff365e8d1f.js?body=1" for ::1 at 2015-10-19 10:00:25 -0700


Started GET "/assets/turbolinks.self-c37727e9bd6b2735da5c311aa83fead54ed0be6cc8bd9a65309e9c5abe2cbfff.js?body=1" for ::1 at 2015-10-19 10:00:25 -0700


Started GET "/assets/jquery.self-d03a5518f45df77341bdbe6201ba3bfa547ebba8ed64f0ea56bfa5f96ea7c074.js?body=1" for ::1 at 2015-10-19 10:00:25 -0700


Started GET "/assets/pins.self-ca2331c59cf9cc8c872efc8408396ddfab5aa4f7edb847f6691c777857307bbb.js?body=1" for ::1 at 2015-10-19 10:00:25 -0700


Started GET "/assets/application.self-3a3c8b61bda630ee689740ce7cbd0dd8ea6fdd45e2c42eef4661ab38cf268afe.js?body=1" for ::1 at 2015-10-19 10:00:25 -0700


Started GET "/" for ::1 at 2015-10-19 10:00:31 -0700
Processing by PinsController#index as HTML
  [1m[35mPin Load (0.4ms)[0m  SELECT "pins".* FROM "pins"  ORDER BY "pins"."id" ASC
  Rendered pins/index.html.erb within layouts/application (1.3ms)
Completed 200 OK in 1419ms (Views: 1418.6ms | ActiveRecord: 0.4ms)


Started GET "/assets/pins.self-e3b0c44298fc1c149afbf4c8996fb92427ae41e4649b934ca495991b7852b855.css?body=1" for ::1 at 2015-10-19 10:00:32 -0700


Started GET "/assets/jquery.self-d03a5518f45df77341bdbe6201ba3bfa547ebba8ed64f0ea56bfa5f96ea7c074.js?body=1" for ::1 at 2015-10-19 10:00:32 -0700


Started GET "/assets/application.self-e8dd5ba3ac2ead59b906c54d728fcfef023fa931a1da4c40d24580f1f2871a86.css?body=1" for ::1 at 2015-10-19 10:00:32 -0700


Started GET "/assets/pins.self-ca2331c59cf9cc8c872efc8408396ddfab5aa4f7edb847f6691c777857307bbb.js?body=1" for ::1 at 2015-10-19 10:00:32 -0700


Started GET "/assets/jquery_ujs.self-ca5248a2fad13d6bd58ea121318d642f195f0b2dd818b30615f785ff365e8d1f.js?body=1" for ::1 at 2015-10-19 10:00:32 -0700


Started GET "/assets/turbolinks.self-c37727e9bd6b2735da5c311aa83fead54ed0be6cc8bd9a65309e9c5abe2cbfff.js?body=1" for ::1 at 2015-10-19 10:00:32 -0700


Started GET "/assets/application.self-3a3c8b61bda630ee689740ce7cbd0dd8ea6fdd45e2c42eef4661ab38cf268afe.js?body=1" for ::1 at 2015-10-19 10:00:32 -0700


Started GET "/" for ::1 at 2015-10-19 10:00:49 -0700
  [1m[36mActiveRecord::SchemaMigration Load (0.6ms)[0m  [1mSELECT "schema_migrations".* FROM "schema_migrations"[0m
Processing by PinsController#index as HTML
  [1m[35mPin Load (0.9ms)[0m  SELECT "pins".* FROM "pins"  ORDER BY "pins"."id" ASC
  Rendered pins/index.html.erb within layouts/application (12.6ms)
Completed 200 OK in 286ms (Views: 270.5ms | ActiveRecord: 4.1ms)


Started GET "/assets/pins.self-e3b0c44298fc1c149afbf4c8996fb92427ae41e4649b934ca495991b7852b855.css?body=1" for ::1 at 2015-10-19 10:00:50 -0700


Started GET "/assets/jquery.self-d03a5518f45df77341bdbe6201ba3bfa547ebba8ed64f0ea56bfa5f96ea7c074.js?body=1" for ::1 at 2015-10-19 10:00:50 -0700


Started GET "/assets/jquery_ujs.self-ca5248a2fad13d6bd58ea121318d642f195f0b2dd818b30615f785ff365e8d1f.js?body=1" for ::1 at 2015-10-19 10:00:50 -0700


Started GET "/assets/application.self-e8dd5ba3ac2ead59b906c54d728fcfef023fa931a1da4c40d24580f1f2871a86.css?body=1" for ::1 at 2015-10-19 10:00:50 -0700


Started GET "/assets/pins.self-ca2331c59cf9cc8c872efc8408396ddfab5aa4f7edb847f6691c777857307bbb.js?body=1" for ::1 at 2015-10-19 10:00:50 -0700


Started GET "/assets/turbolinks.self-c37727e9bd6b2735da5c311aa83fead54ed0be6cc8bd9a65309e9c5abe2cbfff.js?body=1" for ::1 at 2015-10-19 10:00:50 -0700


Started GET "/assets/application.self-3a3c8b61bda630ee689740ce7cbd0dd8ea6fdd45e2c42eef4661ab38cf268afe.js?body=1" for ::1 at 2015-10-19 10:00:50 -0700


Started GET "/" for ::1 at 2015-10-19 10:01:24 -0700
Processing by PinsController#index as HTML
  [1m[36mPin Load (0.3ms)[0m  [1mSELECT "pins".* FROM "pins"  ORDER BY "pins"."id" ASC[0m
  Rendered pins/index.html.erb within layouts/application (1.2ms)
Completed 500 Internal Server Error in 788ms

ActionView::Template::Error (File to import not found or unreadable: bootswatch//bootswatch.
Load paths:
  /Users/markmarsella/Desktop/gSchool/gPin_rails/app/assets/images
  /Users/markmarsella/Desktop/gSchool/gPin_rails/app/assets/javascripts
  /Users/markmarsella/Desktop/gSchool/gPin_rails/app/assets/stylesheets
  /Users/markmarsella/Desktop/gSchool/gPin_rails/vendor/assets/javascripts
  /Users/markmarsella/Desktop/gSchool/gPin_rails/vendor/assets/stylesheets
  /Users/markmarsella/.rvm/gems/ruby-2.2.1/gems/turbolinks-2.5.3/lib/assets/javascripts
  /Users/markmarsella/.rvm/gems/ruby-2.2.1/gems/jquery-rails-4.0.4/vendor/assets/javascripts
  /Users/markmarsella/.rvm/gems/ruby-2.2.1/gems/bootswatch-rails-3.3.5/vendor/assets/stylesheets
  /Users/markmarsella/.rvm/gems/ruby-2.2.1/gems/coffee-rails-4.1.0/lib/assets/javascripts
  /Users/markmarsella/.rvm/gems/ruby-2.2.1/gems/bootstrap-sass-3.3.5.1/assets/stylesheets
  /Users/markmarsella/.rvm/gems/ruby-2.2.1/gems/bootstrap-sass-3.3.5.1/assets/javascripts
  /Users/markmarsella/.rvm/gems/ruby-2.2.1/gems/bootstrap-sass-3.3.5.1/assets/fonts
  /Users/markmarsella/.rvm/gems/ruby-2.2.1/gems/bootstrap-sass-3.3.5.1/assets/images
  /Users/markmarsella/.rvm/gems/ruby-2.2.1/gems/bootstrap-sass-3.3.5.1/assets/stylesheets):
    2: <html>
    3: <head>
    4:   <title>Gpin</title>
    5:   <%= stylesheet_link_tag    'application', media: 'all', 'data-turbolinks-track' => true %>
    6:   <%= javascript_include_tag 'application', 'data-turbolinks-track' => true %>
    7:   <%= csrf_meta_tags %>
    8: </head>
  app/assets/stylesheets/application.css.scss:26
  app/views/layouts/application.html.erb:5:in `_app_views_layouts_application_html_erb___2477158784840350888_70272963787460'


  Rendered /Users/markmarsella/.rvm/gems/ruby-2.2.1/gems/actionpack-4.2.0/lib/action_dispatch/middleware/templates/rescues/_source.erb (6.6ms)
  Rendered /Users/markmarsella/.rvm/gems/ruby-2.2.1/gems/actionpack-4.2.0/lib/action_dispatch/middleware/templates/rescues/_trace.html.erb (2.6ms)
  Rendered /Users/markmarsella/.rvm/gems/ruby-2.2.1/gems/actionpack-4.2.0/lib/action_dispatch/middleware/templates/rescues/_request_and_response.html.erb (0.8ms)
  Rendered /Users/markmarsella/.rvm/gems/ruby-2.2.1/gems/actionpack-4.2.0/lib/action_dispatch/middleware/templates/rescues/template_error.html.erb within rescues/layout (54.1ms)
  Rendered /Users/markmarsella/.rvm/gems/ruby-2.2.1/gems/web-console-2.2.1/lib/web_console/templates/_markup.html.erb (0.4ms)
  Rendered /Users/markmarsella/.rvm/gems/ruby-2.2.1/gems/web-console-2.2.1/lib/web_console/templates/_inner_console_markup.html.erb within layouts/inlined_string (0.3ms)
  Rendered /Users/markmarsella/.rvm/gems/ruby-2.2.1/gems/web-console-2.2.1/lib/web_console/templates/_prompt_box_markup.html.erb within layouts/inlined_string (0.3ms)
  Rendered /Users/markmarsella/.rvm/gems/ruby-2.2.1/gems/web-console-2.2.1/lib/web_console/templates/style.css.erb within layouts/inlined_string (0.3ms)
  Rendered /Users/markmarsella/.rvm/gems/ruby-2.2.1/gems/web-console-2.2.1/lib/web_console/templates/console.js.erb within layouts/javascript (41.2ms)
  Rendered /Users/markmarsella/.rvm/gems/ruby-2.2.1/gems/web-console-2.2.1/lib/web_console/templates/main.js.erb within layouts/javascript (0.3ms)
  Rendered /Users/markmarsella/.rvm/gems/ruby-2.2.1/gems/web-console-2.2.1/lib/web_console/templates/error_page.js.erb within layouts/javascript (0.4ms)
  Rendered /Users/markmarsella/.rvm/gems/ruby-2.2.1/gems/web-console-2.2.1/lib/web_console/templates/index.html.erb (94.3ms)


Started GET "/" for ::1 at 2015-10-19 10:01:51 -0700
Processing by PinsController#index as HTML
  [1m[35mPin Load (0.4ms)[0m  SELECT "pins".* FROM "pins"  ORDER BY "pins"."id" ASC
  Rendered pins/index.html.erb within layouts/application (1.4ms)
Completed 200 OK in 1689ms (Views: 1687.8ms | ActiveRecord: 0.4ms)


Started GET "/assets/application.self-9ea0e789caf5b09da45875076c7699a346c923a0fa290dac12dd61c475e68f80.css?body=1" for ::1 at 2015-10-19 10:01:53 -0700


Started GET "/assets/pins.self-ca2331c59cf9cc8c872efc8408396ddfab5aa4f7edb847f6691c777857307bbb.js?body=1" for ::1 at 2015-10-19 10:01:53 -0700


Started GET "/assets/jquery_ujs.self-ca5248a2fad13d6bd58ea121318d642f195f0b2dd818b30615f785ff365e8d1f.js?body=1" for ::1 at 2015-10-19 10:01:53 -0700


Started GET "/assets/jquery.self-d03a5518f45df77341bdbe6201ba3bfa547ebba8ed64f0ea56bfa5f96ea7c074.js?body=1" for ::1 at 2015-10-19 10:01:53 -0700


Started GET "/assets/pins.self-e3b0c44298fc1c149afbf4c8996fb92427ae41e4649b934ca495991b7852b855.css?body=1" for ::1 at 2015-10-19 10:01:53 -0700


Started GET "/assets/turbolinks.self-c37727e9bd6b2735da5c311aa83fead54ed0be6cc8bd9a65309e9c5abe2cbfff.js?body=1" for ::1 at 2015-10-19 10:01:53 -0700


Started GET "/assets/application.self-3a3c8b61bda630ee689740ce7cbd0dd8ea6fdd45e2c42eef4661ab38cf268afe.js?body=1" for ::1 at 2015-10-19 10:01:53 -0700


Started GET "/pins/new" for ::1 at 2015-10-19 10:01:56 -0700
Processing by PinsController#new as HTML
  Rendered pins/_form.html.erb (13.1ms)
  Rendered pins/new.html.erb within layouts/application (14.9ms)
Completed 200 OK in 52ms (Views: 51.5ms | ActiveRecord: 0.0ms)


Started GET "/" for ::1 at 2015-10-19 10:09:56 -0700
Processing by PinsController#index as HTML
  [1m[36mPin Load (0.3ms)[0m  [1mSELECT "pins".* FROM "pins"  ORDER BY "pins"."id" ASC[0m
  Rendered pins/index.html.erb within layouts/application (1.4ms)
Completed 200 OK in 42ms (Views: 41.3ms | ActiveRecord: 0.3ms)


Started GET "/assets/jquery.self-d03a5518f45df77341bdbe6201ba3bfa547ebba8ed64f0ea56bfa5f96ea7c074.js?body=1" for ::1 at 2015-10-19 10:09:56 -0700


Started GET "/assets/pins.self-ca2331c59cf9cc8c872efc8408396ddfab5aa4f7edb847f6691c777857307bbb.js?body=1" for ::1 at 2015-10-19 10:09:56 -0700


Started GET "/assets/application.self-9ea0e789caf5b09da45875076c7699a346c923a0fa290dac12dd61c475e68f80.css?body=1" for ::1 at 2015-10-19 10:09:56 -0700


Started GET "/assets/turbolinks.self-c37727e9bd6b2735da5c311aa83fead54ed0be6cc8bd9a65309e9c5abe2cbfff.js?body=1" for ::1 at 2015-10-19 10:09:56 -0700


Started GET "/assets/pins.self-e3b0c44298fc1c149afbf4c8996fb92427ae41e4649b934ca495991b7852b855.css?body=1" for ::1 at 2015-10-19 10:09:56 -0700


Started GET "/assets/jquery_ujs.self-ca5248a2fad13d6bd58ea121318d642f195f0b2dd818b30615f785ff365e8d1f.js?body=1" for ::1 at 2015-10-19 10:09:56 -0700


Started GET "/assets/application.self-3a3c8b61bda630ee689740ce7cbd0dd8ea6fdd45e2c42eef4661ab38cf268afe.js?body=1" for ::1 at 2015-10-19 10:09:56 -0700


Started GET "/pins/new" for ::1 at 2015-10-19 10:17:06 -0700
Processing by PinsController#new as HTML
  Rendered pins/_form.html.erb (1.6ms)
  Rendered pins/new.html.erb within layouts/application (3.0ms)
Completed 200 OK in 41ms (Views: 40.3ms | ActiveRecord: 0.0ms)


Started GET "/pins/new" for ::1 at 2015-10-19 11:19:14 -0700
  [1m[36mActiveRecord::SchemaMigration Load (0.6ms)[0m  [1mSELECT "schema_migrations".* FROM "schema_migrations"[0m
Processing by PinsController#new as HTML
  Rendered pins/_form.html.erb (25.3ms)
  Rendered pins/new.html.erb within layouts/application (32.9ms)
Completed 200 OK in 2000ms (Views: 1978.0ms | ActiveRecord: 4.7ms)


Started GET "/assets/application.self-9ea0e789caf5b09da45875076c7699a346c923a0fa290dac12dd61c475e68f80.css?body=1" for ::1 at 2015-10-19 11:19:16 -0700


Started GET "/assets/pins.self-ca2331c59cf9cc8c872efc8408396ddfab5aa4f7edb847f6691c777857307bbb.js?body=1" for ::1 at 2015-10-19 11:19:16 -0700


Started GET "/assets/jquery.self-d03a5518f45df77341bdbe6201ba3bfa547ebba8ed64f0ea56bfa5f96ea7c074.js?body=1" for ::1 at 2015-10-19 11:19:16 -0700


Started GET "/assets/turbolinks.self-c37727e9bd6b2735da5c311aa83fead54ed0be6cc8bd9a65309e9c5abe2cbfff.js?body=1" for ::1 at 2015-10-19 11:19:16 -0700


Started GET "/assets/jquery_ujs.self-ca5248a2fad13d6bd58ea121318d642f195f0b2dd818b30615f785ff365e8d1f.js?body=1" for ::1 at 2015-10-19 11:19:16 -0700


Started GET "/assets/pins.self-e3b0c44298fc1c149afbf4c8996fb92427ae41e4649b934ca495991b7852b855.css?body=1" for ::1 at 2015-10-19 11:19:16 -0700


Started GET "/assets/application.self-3a3c8b61bda630ee689740ce7cbd0dd8ea6fdd45e2c42eef4661ab38cf268afe.js?body=1" for ::1 at 2015-10-19 11:19:16 -0700


Started POST "/pins" for ::1 at 2015-10-19 11:19:23 -0700
Processing by PinsController#create as HTML
  Parameters: {"utf8"=>"✓", "authenticity_token"=>"p7fHkNafh+lXl/kZ37ZyAiNsZYp/oP1XcD7FpSAnk5LIBBn/79DHUF1heq8IZDQ3y1mGtjVHTQKMpoWVgBGrbg==", "pin"=>{"name"=>"blah", "url"=>"blah", "comment"=>"blah", "image"=>"blah"}, "commit"=>"Create Pin"}
  [1m[35m (0.1ms)[0m  BEGIN
  [1m[36mSQL (0.6ms)[0m  [1mINSERT INTO "pins" ("name", "url", "image", "comment", "created_at", "updated_at") VALUES ($1, $2, $3, $4, $5, $6) RETURNING "id"[0m  [["name", "blah"], ["url", "blah"], ["image", "blah"], ["comment", "blah"], ["created_at", "2015-10-19 18:19:23.046046"], ["updated_at", "2015-10-19 18:19:23.046046"]]
  [1m[35m (0.3ms)[0m  COMMIT
Redirected to http://localhost:3000/pins
Completed 302 Found in 10ms (ActiveRecord: 1.3ms)


Started GET "/pins" for ::1 at 2015-10-19 11:19:23 -0700
Processing by PinsController#index as HTML
  [1m[36mPin Load (0.7ms)[0m  [1mSELECT "pins".* FROM "pins"  ORDER BY "pins"."id" ASC[0m
  Rendered pins/index.html.erb within layouts/application (2.4ms)
Completed 200 OK in 45ms (Views: 43.2ms | ActiveRecord: 0.7ms)


Started GET "/pins/1/edit" for ::1 at 2015-10-19 11:19:29 -0700
Processing by PinsController#edit as HTML
  Parameters: {"id"=>"1"}
  [1m[35mPin Load (0.3ms)[0m  SELECT  "pins".* FROM "pins" WHERE "pins"."id" = $1 LIMIT 1  [["id", 1]]
  Rendered pins/_form.html.erb (3.1ms)
  Rendered pins/edit.html.erb within layouts/application (5.1ms)
Completed 200 OK in 62ms (Views: 53.3ms | ActiveRecord: 0.3ms)


Started DELETE "/pins/1" for ::1 at 2015-10-19 11:19:34 -0700
Processing by PinsController#destroy as HTML
  Parameters: {"authenticity_token"=>"9rb0rnJBDAz/A9+Mhy/jIZDocKtLBtJjePsiSAWuZtCZBSrBSw5MtfX1XDpQ/aUUeN2TlwHhYjaEY2J4pZheLA==", "id"=>"1"}
  [1m[36mPin Load (0.3ms)[0m  [1mSELECT  "pins".* FROM "pins" WHERE "pins"."id" = $1 LIMIT 1[0m  [["id", 1]]
  [1m[35m (0.1ms)[0m  BEGIN
  [1m[36mSQL (0.7ms)[0m  [1mDELETE FROM "pins" WHERE "pins"."id" = $1[0m  [["id", 1]]
  [1m[35m (1.4ms)[0m  COMMIT
Redirected to http://localhost:3000/pins
Completed 302 Found in 7ms (ActiveRecord: 2.5ms)


Started GET "/pins" for ::1 at 2015-10-19 11:19:34 -0700
Processing by PinsController#index as HTML
  [1m[36mPin Load (0.3ms)[0m  [1mSELECT "pins".* FROM "pins"  ORDER BY "pins"."id" ASC[0m
  Rendered pins/index.html.erb within layouts/application (1.3ms)
Completed 200 OK in 55ms (Views: 53.9ms | ActiveRecord: 0.3ms)


Started GET "/pins/new" for ::1 at 2015-10-19 11:19:51 -0700
Processing by PinsController#new as HTML
  Rendered pins/_form.html.erb (1.8ms)
  Rendered pins/new.html.erb within layouts/application (3.4ms)
Completed 200 OK in 43ms (Views: 42.8ms | ActiveRecord: 0.0ms)


Started GET "/pins" for ::1 at 2015-10-19 11:35:10 -0700
Processing by PinsController#index as HTML
  [1m[35mPin Load (0.3ms)[0m  SELECT "pins".* FROM "pins"  ORDER BY "pins"."id" ASC
  Rendered pins/index.html.erb within layouts/application (1.2ms)
Completed 200 OK in 42ms (Views: 41.1ms | ActiveRecord: 0.3ms)


Started GET "/assets/pins.self-e3b0c44298fc1c149afbf4c8996fb92427ae41e4649b934ca495991b7852b855.css?body=1" for ::1 at 2015-10-19 11:35:11 -0700


Started GET "/assets/jquery_ujs.self-ca5248a2fad13d6bd58ea121318d642f195f0b2dd818b30615f785ff365e8d1f.js?body=1" for ::1 at 2015-10-19 11:35:11 -0700


Started GET "/assets/turbolinks.self-c37727e9bd6b2735da5c311aa83fead54ed0be6cc8bd9a65309e9c5abe2cbfff.js?body=1" for ::1 at 2015-10-19 11:35:11 -0700


Started GET "/assets/application.self-9ea0e789caf5b09da45875076c7699a346c923a0fa290dac12dd61c475e68f80.css?body=1" for ::1 at 2015-10-19 11:35:11 -0700


Started GET "/assets/jquery.self-d03a5518f45df77341bdbe6201ba3bfa547ebba8ed64f0ea56bfa5f96ea7c074.js?body=1" for ::1 at 2015-10-19 11:35:11 -0700


Started GET "/assets/pins.self-ca2331c59cf9cc8c872efc8408396ddfab5aa4f7edb847f6691c777857307bbb.js?body=1" for ::1 at 2015-10-19 11:35:11 -0700


Started GET "/assets/application.self-3a3c8b61bda630ee689740ce7cbd0dd8ea6fdd45e2c42eef4661ab38cf268afe.js?body=1" for ::1 at 2015-10-19 11:35:11 -0700


Started GET "/pins" for ::1 at 2015-10-19 11:35:56 -0700
Processing by PinsController#index as HTML
  [1m[36mPin Load (0.4ms)[0m  [1mSELECT "pins".* FROM "pins"  ORDER BY "pins"."id" ASC[0m
  Rendered pins/index.html.erb within layouts/application (1.2ms)
Completed 200 OK in 1637ms (Views: 1636.1ms | ActiveRecord: 0.4ms)


Started GET "/assets/pins.self-609b3df7587284fd76874ad034e26026242571eebf247715d51e98c500773848.css?body=1" for ::1 at 2015-10-19 11:35:58 -0700


Started GET "/assets/application.self-9ea0e789caf5b09da45875076c7699a346c923a0fa290dac12dd61c475e68f80.css?body=1" for ::1 at 2015-10-19 11:35:58 -0700


Started GET "/assets/jquery.self-d03a5518f45df77341bdbe6201ba3bfa547ebba8ed64f0ea56bfa5f96ea7c074.js?body=1" for ::1 at 2015-10-19 11:35:58 -0700


Started GET "/assets/jquery_ujs.self-ca5248a2fad13d6bd58ea121318d642f195f0b2dd818b30615f785ff365e8d1f.js?body=1" for ::1 at 2015-10-19 11:35:58 -0700


Started GET "/assets/turbolinks.self-c37727e9bd6b2735da5c311aa83fead54ed0be6cc8bd9a65309e9c5abe2cbfff.js?body=1" for ::1 at 2015-10-19 11:35:58 -0700


Started GET "/assets/pins.self-ca2331c59cf9cc8c872efc8408396ddfab5aa4f7edb847f6691c777857307bbb.js?body=1" for ::1 at 2015-10-19 11:35:58 -0700


Started GET "/assets/application.self-3a3c8b61bda630ee689740ce7cbd0dd8ea6fdd45e2c42eef4661ab38cf268afe.js?body=1" for ::1 at 2015-10-19 11:35:58 -0700


Started GET "/pins" for ::1 at 2015-10-19 11:36:18 -0700
Processing by PinsController#index as HTML
  [1m[35mPin Load (0.4ms)[0m  SELECT "pins".* FROM "pins"  ORDER BY "pins"."id" ASC
  Rendered pins/index.html.erb within layouts/application (1.4ms)
Completed 200 OK in 1614ms (Views: 1613.2ms | ActiveRecord: 0.4ms)


Started GET "/assets/jquery.self-d03a5518f45df77341bdbe6201ba3bfa547ebba8ed64f0ea56bfa5f96ea7c074.js?body=1" for ::1 at 2015-10-19 11:36:19 -0700


Started GET "/assets/application.self-d0c1de1fef47f63c39a3aadc6630293e0c2ca38226ff50dd2b4145f94613d8e1.css?body=1" for ::1 at 2015-10-19 11:36:19 -0700


Started GET "/assets/jquery_ujs.self-ca5248a2fad13d6bd58ea121318d642f195f0b2dd818b30615f785ff365e8d1f.js?body=1" for ::1 at 2015-10-19 11:36:19 -0700


Started GET "/assets/pins.self-609b3df7587284fd76874ad034e26026242571eebf247715d51e98c500773848.css?body=1" for ::1 at 2015-10-19 11:36:19 -0700


Started GET "/assets/pins.self-ca2331c59cf9cc8c872efc8408396ddfab5aa4f7edb847f6691c777857307bbb.js?body=1" for ::1 at 2015-10-19 11:36:19 -0700


Started GET "/assets/turbolinks.self-c37727e9bd6b2735da5c311aa83fead54ed0be6cc8bd9a65309e9c5abe2cbfff.js?body=1" for ::1 at 2015-10-19 11:36:19 -0700


Started GET "/assets/application.self-3a3c8b61bda630ee689740ce7cbd0dd8ea6fdd45e2c42eef4661ab38cf268afe.js?body=1" for ::1 at 2015-10-19 11:36:19 -0700


Started GET "/pins" for ::1 at 2015-10-19 11:37:07 -0700
Processing by PinsController#index as HTML
  [1m[36mPin Load (0.4ms)[0m  [1mSELECT "pins".* FROM "pins"  ORDER BY "pins"."id" ASC[0m
  Rendered pins/index.html.erb within layouts/application (1.3ms)
Completed 200 OK in 1595ms (Views: 1594.2ms | ActiveRecord: 0.4ms)


Started GET "/assets/pins.self-316f54afec94e44fc72012cf111b64e0b94307f6016ca774f8f79487c86669e9.css?body=1" for ::1 at 2015-10-19 11:37:09 -0700


Started GET "/assets/application.self-4f3f902b147b6715bdda909865386953fb21d921cd513ddf6e9aa49856becca2.css?body=1" for ::1 at 2015-10-19 11:37:09 -0700


Started GET "/assets/jquery.self-d03a5518f45df77341bdbe6201ba3bfa547ebba8ed64f0ea56bfa5f96ea7c074.js?body=1" for ::1 at 2015-10-19 11:37:09 -0700


Started GET "/assets/jquery_ujs.self-ca5248a2fad13d6bd58ea121318d642f195f0b2dd818b30615f785ff365e8d1f.js?body=1" for ::1 at 2015-10-19 11:37:09 -0700


Started GET "/assets/turbolinks.self-c37727e9bd6b2735da5c311aa83fead54ed0be6cc8bd9a65309e9c5abe2cbfff.js?body=1" for ::1 at 2015-10-19 11:37:09 -0700


Started GET "/assets/application.self-3a3c8b61bda630ee689740ce7cbd0dd8ea6fdd45e2c42eef4661ab38cf268afe.js?body=1" for ::1 at 2015-10-19 11:37:09 -0700


Started GET "/assets/pins.self-ca2331c59cf9cc8c872efc8408396ddfab5aa4f7edb847f6691c777857307bbb.js?body=1" for ::1 at 2015-10-19 11:37:09 -0700


Started GET "/pins" for ::1 at 2015-10-19 11:37:45 -0700
Processing by PinsController#index as HTML
  [1m[35mPin Load (0.3ms)[0m  SELECT "pins".* FROM "pins"  ORDER BY "pins"."id" ASC
  Rendered pins/index.html.erb within layouts/application (1.3ms)
Completed 200 OK in 1608ms (Views: 1606.8ms | ActiveRecord: 0.3ms)


Started GET "/assets/pins.self-4eaaa3897647b5c5ea0d92201e0d407d5360ca22a1d7cc8f65ef615f59057ee0.css?body=1" for ::1 at 2015-10-19 11:37:47 -0700


Started GET "/assets/application.self-53d33fc094ca4d060d5f14c829feaff254e714015932920a277d23ac4ec83ffa.css?body=1" for ::1 at 2015-10-19 11:37:47 -0700


Started GET "/assets/turbolinks.self-c37727e9bd6b2735da5c311aa83fead54ed0be6cc8bd9a65309e9c5abe2cbfff.js?body=1" for ::1 at 2015-10-19 11:37:47 -0700


Started GET "/assets/jquery.self-d03a5518f45df77341bdbe6201ba3bfa547ebba8ed64f0ea56bfa5f96ea7c074.js?body=1" for ::1 at 2015-10-19 11:37:47 -0700


Started GET "/assets/pins.self-ca2331c59cf9cc8c872efc8408396ddfab5aa4f7edb847f6691c777857307bbb.js?body=1" for ::1 at 2015-10-19 11:37:47 -0700


Started GET "/assets/application.self-3a3c8b61bda630ee689740ce7cbd0dd8ea6fdd45e2c42eef4661ab38cf268afe.js?body=1" for ::1 at 2015-10-19 11:37:47 -0700


Started GET "/assets/jquery_ujs.self-ca5248a2fad13d6bd58ea121318d642f195f0b2dd818b30615f785ff365e8d1f.js?body=1" for ::1 at 2015-10-19 11:37:47 -0700


Started GET "/pins" for ::1 at 2015-10-19 11:38:03 -0700
Processing by PinsController#index as HTML
  [1m[36mPin Load (0.3ms)[0m  [1mSELECT "pins".* FROM "pins"  ORDER BY "pins"."id" ASC[0m
  Rendered pins/index.html.erb within layouts/application (1.1ms)
Completed 200 OK in 1554ms (Views: 1553.0ms | ActiveRecord: 0.3ms)


Started GET "/assets/pins.self-7c7e835878af4dfd89df760e7d369f8b6ebe8d86b91fda001dbef36d1f601777.css?body=1" for ::1 at 2015-10-19 11:38:05 -0700


Started GET "/assets/application.self-ab6cbb54259c2015b20ed1f037ad712e87095d45b7c7de4f0170982fc0c716c1.css?body=1" for ::1 at 2015-10-19 11:38:05 -0700


Started GET "/assets/turbolinks.self-c37727e9bd6b2735da5c311aa83fead54ed0be6cc8bd9a65309e9c5abe2cbfff.js?body=1" for ::1 at 2015-10-19 11:38:05 -0700


Started GET "/assets/jquery.self-d03a5518f45df77341bdbe6201ba3bfa547ebba8ed64f0ea56bfa5f96ea7c074.js?body=1" for ::1 at 2015-10-19 11:38:05 -0700


Started GET "/assets/jquery_ujs.self-ca5248a2fad13d6bd58ea121318d642f195f0b2dd818b30615f785ff365e8d1f.js?body=1" for ::1 at 2015-10-19 11:38:05 -0700


Started GET "/assets/pins.self-ca2331c59cf9cc8c872efc8408396ddfab5aa4f7edb847f6691c777857307bbb.js?body=1" for ::1 at 2015-10-19 11:38:05 -0700


Started GET "/assets/application.self-3a3c8b61bda630ee689740ce7cbd0dd8ea6fdd45e2c42eef4661ab38cf268afe.js?body=1" for ::1 at 2015-10-19 11:38:05 -0700


Started GET "/pins/new" for ::1 at 2015-10-19 11:38:09 -0700
Processing by PinsController#new as HTML
  Rendered pins/_form.html.erb (1.5ms)
  Rendered pins/new.html.erb within layouts/application (2.9ms)
Completed 200 OK in 35ms (Views: 34.7ms | ActiveRecord: 0.0ms)


Started GET "/pins" for ::1 at 2015-10-19 11:44:36 -0700
Processing by PinsController#index as HTML
  [1m[35mPin Load (0.3ms)[0m  SELECT "pins".* FROM "pins"  ORDER BY "pins"."id" ASC
  Rendered pins/index.html.erb within layouts/application (1.2ms)
Completed 200 OK in 47ms (Views: 45.9ms | ActiveRecord: 0.3ms)


Started GET "/assets/pins.self-7c7e835878af4dfd89df760e7d369f8b6ebe8d86b91fda001dbef36d1f601777.css?body=1" for ::1 at 2015-10-19 11:44:36 -0700


Started GET "/assets/jquery.self-d03a5518f45df77341bdbe6201ba3bfa547ebba8ed64f0ea56bfa5f96ea7c074.js?body=1" for ::1 at 2015-10-19 11:44:36 -0700


Started GET "/assets/pins.self-ca2331c59cf9cc8c872efc8408396ddfab5aa4f7edb847f6691c777857307bbb.js?body=1" for ::1 at 2015-10-19 11:44:36 -0700


Started GET "/assets/jquery_ujs.self-ca5248a2fad13d6bd58ea121318d642f195f0b2dd818b30615f785ff365e8d1f.js?body=1" for ::1 at 2015-10-19 11:44:36 -0700


Started GET "/assets/turbolinks.self-c37727e9bd6b2735da5c311aa83fead54ed0be6cc8bd9a65309e9c5abe2cbfff.js?body=1" for ::1 at 2015-10-19 11:44:36 -0700


Started GET "/assets/application.self-ab6cbb54259c2015b20ed1f037ad712e87095d45b7c7de4f0170982fc0c716c1.css?body=1" for ::1 at 2015-10-19 11:44:36 -0700


Started GET "/assets/application.self-3a3c8b61bda630ee689740ce7cbd0dd8ea6fdd45e2c42eef4661ab38cf268afe.js?body=1" for ::1 at 2015-10-19 11:44:36 -0700
